/home/liviodad/Desktop/virtualenv/lib/python3.11/site-packages/gpiozero/input_devices.py:852: PWMSoftwareFallback: For more accurate readings, use the pigpio pin factory.See https://gpiozero.readthedocs.io/en/stable/api_input.html#distancesensor-hc-sr04 for more info
  warnings.warn(PWMSoftwareFallback(
Distance sensor ready... waiting for detection
[STATUS FILE ERROR] [Errno 2] No such file or directory: '/home/liviodad/Desktop/virtualenv/SmartTrafficLight/Lights/Semaphore_1_info.json'
Response: Registered successfully
Connected to mqtt.eclipseprojects.io with result code: 0
[STATUS FILE ERROR] [Errno 2] No such file or directory: '/home/liviodad/Desktop/virtualenv/SmartTrafficLight/Lights/Semaphore_1_info.json'
[STATUS FILE ERROR] [Errno 2] No such file or directory: '/home/liviodad/Desktop/virtualenv/SmartTrafficLight/Lights/Semaphore_1_info.json'
[STATUS FILE ERROR] [Errno 2] No such file or directory: '/home/liviodad/Desktop/virtualenv/SmartTrafficLight/Lights/Semaphore_1_info.json'
[STATUS FILE ERROR] [Errno 2] No such file or directory: '/home/liviodad/Desktop/virtualenv/SmartTrafficLight/Lights/Semaphore_1_info.json'
[STATUS FILE ERROR] [Errno 2] No such file or directory: '/home/liviodad/Desktop/virtualenv/SmartTrafficLight/Lights/Semaphore_1_info.json'
[STATUS FILE ERROR] [Errno 2] No such file or directory: '/home/liviodad/Desktop/virtualenv/SmartTrafficLight/Lights/Semaphore_1_info.json'
[STATUS FILE ERROR] [Errno 2] No such file or directory: '/home/liviodad/Desktop/virtualenv/SmartTrafficLight/Lights/Semaphore_1_info.json'
[STATUS FILE ERROR] [Errno 2] No such file or directory: '/home/liviodad/Desktop/virtualenv/SmartTrafficLight/Lights/Semaphore_1_info.json'
[STATUS FILE ERROR] [Errno 2] No such file or directory: '/home/liviodad/Desktop/virtualenv/SmartTrafficLight/Lights/Semaphore_1_info.json'
[STATUS FILE ERROR] [Errno 2] No such file or directory: '/home/liviodad/Desktop/virtualenv/SmartTrafficLight/Lights/Semaphore_1_info.json'
[STATUS FILE ERROR] [Errno 2] No such file or directory: '/home/liviodad/Desktop/virtualenv/SmartTrafficLight/Lights/Semaphore_1_info.json'
[STATUS FILE ERROR] [Errno 2] No such file or directory: '/home/liviodad/Desktop/virtualenv/SmartTrafficLight/Lights/Semaphore_1_info.json'
[STATUS FILE ERROR] [Errno 2] No such file or directory: '/home/liviodad/Desktop/virtualenv/SmartTrafficLight/Lights/Semaphore_1_info.json'
[STATUS FILE ERROR] [Errno 2] No such file or directory: '/home/liviodad/Desktop/virtualenv/SmartTrafficLight/Lights/Semaphore_1_info.json'
[STATUS FILE ERROR] [Errno 2] No such file or directory: '/home/liviodad/Desktop/virtualenv/SmartTrafficLight/Lights/Semaphore_1_info.json'
Response: Registered successfully
[STATUS FILE ERROR] [Errno 2] No such file or directory: '/home/liviodad/Desktop/virtualenv/SmartTrafficLight/Lights/Semaphore_1_info.json'
[STATUS FILE ERROR] [Errno 2] No such file or directory: '/home/liviodad/Desktop/virtualenv/SmartTrafficLight/Lights/Semaphore_1_info.json'
[STATUS FILE ERROR] [Errno 2] No such file or directory: '/home/liviodad/Desktop/virtualenv/SmartTrafficLight/Lights/Semaphore_1_info.json'
[STATUS FILE ERROR] [Errno 2] No such file or directory: '/home/liviodad/Desktop/virtualenv/SmartTrafficLight/Lights/Semaphore_1_info.json'
[STATUS FILE ERROR] [Errno 2] No such file or directory: '/home/liviodad/Desktop/virtualenv/SmartTrafficLight/Lights/Semaphore_1_info.json'
[STATUS FILE ERROR] [Errno 2] No such file or directory: '/home/liviodad/Desktop/virtualenv/SmartTrafficLight/Lights/Semaphore_1_info.json'
[STATUS FILE ERROR] [Errno 2] No such file or directory: '/home/liviodad/Desktop/virtualenv/SmartTrafficLight/Lights/Semaphore_1_info.json'
[STATUS FILE ERROR] [Errno 2] No such file or directory: '/home/liviodad/Desktop/virtualenv/SmartTrafficLight/Lights/Semaphore_1_info.json'
[STATUS FILE ERROR] [Errno 2] No such file or directory: '/home/liviodad/Desktop/virtualenv/SmartTrafficLight/Lights/Semaphore_1_info.json'
[STATUS FILE ERROR] [Errno 2] No such file or directory: '/home/liviodad/Desktop/virtualenv/SmartTrafficLight/Lights/Semaphore_1_info.json'
[STATUS FILE ERROR] [Errno 2] No such file or directory: '/home/liviodad/Desktop/virtualenv/SmartTrafficLight/Lights/Semaphore_1_info.json'
[STATUS FILE ERROR] [Errno 2] No such file or directory: '/home/liviodad/Desktop/virtualenv/SmartTrafficLight/Lights/Semaphore_1_info.json'
[STATUS FILE ERROR] [Errno 2] No such file or directory: '/home/liviodad/Desktop/virtualenv/SmartTrafficLight/Lights/Semaphore_1_info.json'
[STATUS FILE ERROR] [Errno 2] No such file or directory: '/home/liviodad/Desktop/virtualenv/SmartTrafficLight/Lights/Semaphore_1_info.json'
[STATUS FILE ERROR] [Errno 2] No such file or directory: '/home/liviodad/Desktop/virtualenv/SmartTrafficLight/Lights/Semaphore_1_info.json'
[STATUS FILE ERROR] [Errno 2] No such file or directory: '/home/liviodad/Desktop/virtualenv/SmartTrafficLight/Lights/Semaphore_1_info.json'
[STATUS FILE ERROR] [Errno 2] No such file or directory: '/home/liviodad/Desktop/virtualenv/SmartTrafficLight/Lights/Semaphore_1_info.json'
Response: Registered successfully
[STATUS FILE ERROR] [Errno 2] No such file or directory: '/home/liviodad/Desktop/virtualenv/SmartTrafficLight/Lights/Semaphore_1_info.json'
[STATUS FILE ERROR] [Errno 2] No such file or directory: '/home/liviodad/Desktop/virtualenv/SmartTrafficLight/Lights/Semaphore_1_info.json'
[STATUS FILE ERROR] [Errno 2] No such file or directory: '/home/liviodad/Desktop/virtualenv/SmartTrafficLight/Lights/Semaphore_1_info.json'
[STATUS FILE ERROR] [Errno 2] No such file or directory: '/home/liviodad/Desktop/virtualenv/SmartTrafficLight/Lights/Semaphore_1_info.json'
[STATUS FILE ERROR] [Errno 2] No such file or directory: '/home/liviodad/Desktop/virtualenv/SmartTrafficLight/Lights/Semaphore_1_info.json'
[STATUS FILE ERROR] [Errno 2] No such file or directory: '/home/liviodad/Desktop/virtualenv/SmartTrafficLight/Lights/Semaphore_1_info.json'
[STATUS FILE ERROR] [Errno 2] No such file or directory: '/home/liviodad/Desktop/virtualenv/SmartTrafficLight/Lights/Semaphore_1_info.json'
[STATUS FILE ERROR] [Errno 2] No such file or directory: '/home/liviodad/Desktop/virtualenv/SmartTrafficLight/Lights/Semaphore_1_info.json'
[STATUS FILE ERROR] [Errno 2] No such file or directory: '/home/liviodad/Desktop/virtualenv/SmartTrafficLight/Lights/Semaphore_1_info.json'
[STATUS FILE ERROR] [Errno 2] No such file or directory: '/home/liviodad/Desktop/virtualenv/SmartTrafficLight/Lights/Semaphore_1_info.json'
[STATUS FILE ERROR] [Errno 2] No such file or directory: '/home/liviodad/Desktop/virtualenv/SmartTrafficLight/Lights/Semaphore_1_info.json'
[STATUS FILE ERROR] [Errno 2] No such file or directory: '/home/liviodad/Desktop/virtualenv/SmartTrafficLight/Lights/Semaphore_1_info.json'
[STATUS FILE ERROR] [Errno 2] No such file or directory: '/home/liviodad/Desktop/virtualenv/SmartTrafficLight/Lights/Semaphore_1_info.json'
[STATUS FILE ERROR] [Errno 2] No such file or directory: '/home/liviodad/Desktop/virtualenv/SmartTrafficLight/Lights/Semaphore_1_info.json'
[STATUS FILE ERROR] [Errno 2] No such file or directory: '/home/liviodad/Desktop/virtualenv/SmartTrafficLight/Lights/Semaphore_1_info.json'
[STATUS FILE ERROR] [Errno 2] No such file or directory: '/home/liviodad/Desktop/virtualenv/SmartTrafficLight/Lights/Semaphore_1_info.json'
Response: Registered successfully
[STATUS FILE ERROR] [Errno 2] No such file or directory: '/home/liviodad/Desktop/virtualenv/SmartTrafficLight/Lights/Semaphore_1_info.json'
[STATUS FILE ERROR] [Errno 2] No such file or directory: '/home/liviodad/Desktop/virtualenv/SmartTrafficLight/Lights/Semaphore_1_info.json'
[STATUS FILE ERROR] [Errno 2] No such file or directory: '/home/liviodad/Desktop/virtualenv/SmartTrafficLight/Lights/Semaphore_1_info.json'
[STATUS FILE ERROR] [Errno 2] No such file or directory: '/home/liviodad/Desktop/virtualenv/SmartTrafficLight/Lights/Semaphore_1_info.json'
[STATUS FILE ERROR] [Errno 2] No such file or directory: '/home/liviodad/Desktop/virtualenv/SmartTrafficLight/Lights/Semaphore_1_info.json'
[STATUS FILE ERROR] [Errno 2] No such file or directory: '/home/liviodad/Desktop/virtualenv/SmartTrafficLight/Lights/Semaphore_1_info.json'
[STATUS FILE ERROR] [Errno 2] No such file or directory: '/home/liviodad/Desktop/virtualenv/SmartTrafficLight/Lights/Semaphore_1_info.json'
[STATUS FILE ERROR] [Errno 2] No such file or directory: '/home/liviodad/Desktop/virtualenv/SmartTrafficLight/Lights/Semaphore_1_info.json'
[STATUS FILE ERROR] [Errno 2] No such file or directory: '/home/liviodad/Desktop/virtualenv/SmartTrafficLight/Lights/Semaphore_1_info.json'
[STATUS FILE ERROR] [Errno 2] No such file or directory: '/home/liviodad/Desktop/virtualenv/SmartTrafficLight/Lights/Semaphore_1_info.json'
[STATUS FILE ERROR] [Errno 2] No such file or directory: '/home/liviodad/Desktop/virtualenv/SmartTrafficLight/Lights/Semaphore_1_info.json'
[STATUS FILE ERROR] [Errno 2] No such file or directory: '/home/liviodad/Desktop/virtualenv/SmartTrafficLight/Lights/Semaphore_1_info.json'
[STATUS FILE ERROR] [Errno 2] No such file or directory: '/home/liviodad/Desktop/virtualenv/SmartTrafficLight/Lights/Semaphore_1_info.json'
[STATUS FILE ERROR] [Errno 2] No such file or directory: '/home/liviodad/Desktop/virtualenv/SmartTrafficLight/Lights/Semaphore_1_info.json'
[STATUS FILE ERROR] [Errno 2] No such file or directory: '/home/liviodad/Desktop/virtualenv/SmartTrafficLight/Lights/Semaphore_1_info.json'
[STATUS FILE ERROR] [Errno 2] No such file or directory: '/home/liviodad/Desktop/virtualenv/SmartTrafficLight/Lights/Semaphore_1_info.json'
[STATUS FILE ERROR] [Errno 2] No such file or directory: '/home/liviodad/Desktop/virtualenv/SmartTrafficLight/Lights/Semaphore_1_info.json'
Response: Registered successfully
[STATUS FILE ERROR] [Errno 2] No such file or directory: '/home/liviodad/Desktop/virtualenv/SmartTrafficLight/Lights/Semaphore_1_info.json'
[STATUS FILE ERROR] [Errno 2] No such file or directory: '/home/liviodad/Desktop/virtualenv/SmartTrafficLight/Lights/Semaphore_1_info.json'
[STATUS FILE ERROR] [Errno 2] No such file or directory: '/home/liviodad/Desktop/virtualenv/SmartTrafficLight/Lights/Semaphore_1_info.json'
[STATUS FILE ERROR] [Errno 2] No such file or directory: '/home/liviodad/Desktop/virtualenv/SmartTrafficLight/Lights/Semaphore_1_info.json'
[STATUS FILE ERROR] [Errno 2] No such file or directory: '/home/liviodad/Desktop/virtualenv/SmartTrafficLight/Lights/Semaphore_1_info.json'
[STATUS FILE ERROR] [Errno 2] No such file or directory: '/home/liviodad/Desktop/virtualenv/SmartTrafficLight/Lights/Semaphore_1_info.json'
[STATUS FILE ERROR] [Errno 2] No such file or directory: '/home/liviodad/Desktop/virtualenv/SmartTrafficLight/Lights/Semaphore_1_info.json'
[STATUS FILE ERROR] [Errno 2] No such file or directory: '/home/liviodad/Desktop/virtualenv/SmartTrafficLight/Lights/Semaphore_1_info.json'
[STATUS FILE ERROR] [Errno 2] No such file or directory: '/home/liviodad/Desktop/virtualenv/SmartTrafficLight/Lights/Semaphore_1_info.json'
[STATUS FILE ERROR] [Errno 2] No such file or directory: '/home/liviodad/Desktop/virtualenv/SmartTrafficLight/Lights/Semaphore_1_info.json'
[STATUS FILE ERROR] [Errno 2] No such file or directory: '/home/liviodad/Desktop/virtualenv/SmartTrafficLight/Lights/Semaphore_1_info.json'
[STATUS FILE ERROR] [Errno 2] No such file or directory: '/home/liviodad/Desktop/virtualenv/SmartTrafficLight/Lights/Semaphore_1_info.json'
[STATUS FILE ERROR] [Errno 2] No such file or directory: '/home/liviodad/Desktop/virtualenv/SmartTrafficLight/Lights/Semaphore_1_info.json'
[STATUS FILE ERROR] [Errno 2] No such file or directory: '/home/liviodad/Desktop/virtualenv/SmartTrafficLight/Lights/Semaphore_1_info.json'
[STATUS FILE ERROR] [Errno 2] No such file or directory: '/home/liviodad/Desktop/virtualenv/SmartTrafficLight/Lights/Semaphore_1_info.json'
[STATUS FILE ERROR] [Errno 2] No such file or directory: '/home/liviodad/Desktop/virtualenv/SmartTrafficLight/Lights/Semaphore_1_info.json'
[STATUS FILE ERROR] [Errno 2] No such file or directory: '/home/liviodad/Desktop/virtualenv/SmartTrafficLight/Lights/Semaphore_1_info.json'
Response: Registered successfully
[STATUS FILE ERROR] [Errno 2] No such file or directory: '/home/liviodad/Desktop/virtualenv/SmartTrafficLight/Lights/Semaphore_1_info.json'
[STATUS FILE ERROR] [Errno 2] No such file or directory: '/home/liviodad/Desktop/virtualenv/SmartTrafficLight/Lights/Semaphore_1_info.json'
[STATUS FILE ERROR] [Errno 2] No such file or directory: '/home/liviodad/Desktop/virtualenv/SmartTrafficLight/Lights/Semaphore_1_info.json'
[STATUS FILE ERROR] [Errno 2] No such file or directory: '/home/liviodad/Desktop/virtualenv/SmartTrafficLight/Lights/Semaphore_1_info.json'
[STATUS FILE ERROR] [Errno 2] No such file or directory: '/home/liviodad/Desktop/virtualenv/SmartTrafficLight/Lights/Semaphore_1_info.json'
[STATUS FILE ERROR] [Errno 2] No such file or directory: '/home/liviodad/Desktop/virtualenv/SmartTrafficLight/Lights/Semaphore_1_info.json'
[STATUS FILE ERROR] [Errno 2] No such file or directory: '/home/liviodad/Desktop/virtualenv/SmartTrafficLight/Lights/Semaphore_1_info.json'
[STATUS FILE ERROR] [Errno 2] No such file or directory: '/home/liviodad/Desktop/virtualenv/SmartTrafficLight/Lights/Semaphore_1_info.json'
[STATUS FILE ERROR] [Errno 2] No such file or directory: '/home/liviodad/Desktop/virtualenv/SmartTrafficLight/Lights/Semaphore_1_info.json'
[STATUS FILE ERROR] [Errno 2] No such file or directory: '/home/liviodad/Desktop/virtualenv/SmartTrafficLight/Lights/Semaphore_1_info.json'
[STATUS FILE ERROR] [Errno 2] No such file or directory: '/home/liviodad/Desktop/virtualenv/SmartTrafficLight/Lights/Semaphore_1_info.json'
[STATUS FILE ERROR] [Errno 2] No such file or directory: '/home/liviodad/Desktop/virtualenv/SmartTrafficLight/Lights/Semaphore_1_info.json'
[STATUS FILE ERROR] [Errno 2] No such file or directory: '/home/liviodad/Desktop/virtualenv/SmartTrafficLight/Lights/Semaphore_1_info.json'
[STATUS FILE ERROR] [Errno 2] No such file or directory: '/home/liviodad/Desktop/virtualenv/SmartTrafficLight/Lights/Semaphore_1_info.json'
[STATUS FILE ERROR] [Errno 2] No such file or directory: '/home/liviodad/Desktop/virtualenv/SmartTrafficLight/Lights/Semaphore_1_info.json'
[STATUS FILE ERROR] [Errno 2] No such file or directory: '/home/liviodad/Desktop/virtualenv/SmartTrafficLight/Lights/Semaphore_1_info.json'
Response: Registered successfully
[STATUS FILE ERROR] [Errno 2] No such file or directory: '/home/liviodad/Desktop/virtualenv/SmartTrafficLight/Lights/Semaphore_1_info.json'
[STATUS FILE ERROR] [Errno 2] No such file or directory: '/home/liviodad/Desktop/virtualenv/SmartTrafficLight/Lights/Semaphore_1_info.json'
[STATUS FILE ERROR] [Errno 2] No such file or directory: '/home/liviodad/Desktop/virtualenv/SmartTrafficLight/Lights/Semaphore_1_info.json'
[STATUS FILE ERROR] [Errno 2] No such file or directory: '/home/liviodad/Desktop/virtualenv/SmartTrafficLight/Lights/Semaphore_1_info.json'
[STATUS FILE ERROR] [Errno 2] No such file or directory: '/home/liviodad/Desktop/virtualenv/SmartTrafficLight/Lights/Semaphore_1_info.json'
[STATUS FILE ERROR] [Errno 2] No such file or directory: '/home/liviodad/Desktop/virtualenv/SmartTrafficLight/Lights/Semaphore_1_info.json'
[STATUS FILE ERROR] [Errno 2] No such file or directory: '/home/liviodad/Desktop/virtualenv/SmartTrafficLight/Lights/Semaphore_1_info.json'
[STATUS FILE ERROR] [Errno 2] No such file or directory: '/home/liviodad/Desktop/virtualenv/SmartTrafficLight/Lights/Semaphore_1_info.json'
[STATUS FILE ERROR] [Errno 2] No such file or directory: '/home/liviodad/Desktop/virtualenv/SmartTrafficLight/Lights/Semaphore_1_info.json'
[STATUS FILE ERROR] [Errno 2] No such file or directory: '/home/liviodad/Desktop/virtualenv/SmartTrafficLight/Lights/Semaphore_1_info.json'
[STATUS FILE ERROR] [Errno 2] No such file or directory: '/home/liviodad/Desktop/virtualenv/SmartTrafficLight/Lights/Semaphore_1_info.json'
[STATUS FILE ERROR] [Errno 2] No such file or directory: '/home/liviodad/Desktop/virtualenv/SmartTrafficLight/Lights/Semaphore_1_info.json'
[STATUS FILE ERROR] [Errno 2] No such file or directory: '/home/liviodad/Desktop/virtualenv/SmartTrafficLight/Lights/Semaphore_1_info.json'
[STATUS FILE ERROR] [Errno 2] No such file or directory: '/home/liviodad/Desktop/virtualenv/SmartTrafficLight/Lights/Semaphore_1_info.json'
[STATUS FILE ERROR] [Errno 2] No such file or directory: '/home/liviodad/Desktop/virtualenv/SmartTrafficLight/Lights/Semaphore_1_info.json'
[STATUS FILE ERROR] [Errno 2] No such file or directory: '/home/liviodad/Desktop/virtualenv/SmartTrafficLight/Lights/Semaphore_1_info.json'
[STATUS FILE ERROR] [Errno 2] No such file or directory: '/home/liviodad/Desktop/virtualenv/SmartTrafficLight/Lights/Semaphore_1_info.json'
Response: Registered successfully
[STATUS FILE ERROR] [Errno 2] No such file or directory: '/home/liviodad/Desktop/virtualenv/SmartTrafficLight/Lights/Semaphore_1_info.json'
[STATUS FILE ERROR] [Errno 2] No such file or directory: '/home/liviodad/Desktop/virtualenv/SmartTrafficLight/Lights/Semaphore_1_info.json'
[STATUS FILE ERROR] [Errno 2] No such file or directory: '/home/liviodad/Desktop/virtualenv/SmartTrafficLight/Lights/Semaphore_1_info.json'
[STATUS FILE ERROR] [Errno 2] No such file or directory: '/home/liviodad/Desktop/virtualenv/SmartTrafficLight/Lights/Semaphore_1_info.json'
[STATUS FILE ERROR] [Errno 2] No such file or directory: '/home/liviodad/Desktop/virtualenv/SmartTrafficLight/Lights/Semaphore_1_info.json'
[STATUS FILE ERROR] [Errno 2] No such file or directory: '/home/liviodad/Desktop/virtualenv/SmartTrafficLight/Lights/Semaphore_1_info.json'
[STATUS FILE ERROR] [Errno 2] No such file or directory: '/home/liviodad/Desktop/virtualenv/SmartTrafficLight/Lights/Semaphore_1_info.json'
[STATUS FILE ERROR] [Errno 2] No such file or directory: '/home/liviodad/Desktop/virtualenv/SmartTrafficLight/Lights/Semaphore_1_info.json'
[STATUS FILE ERROR] [Errno 2] No such file or directory: '/home/liviodad/Desktop/virtualenv/SmartTrafficLight/Lights/Semaphore_1_info.json'
[STATUS FILE ERROR] [Errno 2] No such file or directory: '/home/liviodad/Desktop/virtualenv/SmartTrafficLight/Lights/Semaphore_1_info.json'
[STATUS FILE ERROR] [Errno 2] No such file or directory: '/home/liviodad/Desktop/virtualenv/SmartTrafficLight/Lights/Semaphore_1_info.json'
[STATUS FILE ERROR] [Errno 2] No such file or directory: '/home/liviodad/Desktop/virtualenv/SmartTrafficLight/Lights/Semaphore_1_info.json'
[STATUS FILE ERROR] [Errno 2] No such file or directory: '/home/liviodad/Desktop/virtualenv/SmartTrafficLight/Lights/Semaphore_1_info.json'
[STATUS FILE ERROR] [Errno 2] No such file or directory: '/home/liviodad/Desktop/virtualenv/SmartTrafficLight/Lights/Semaphore_1_info.json'
[STATUS FILE ERROR] [Errno 2] No such file or directory: '/home/liviodad/Desktop/virtualenv/SmartTrafficLight/Lights/Semaphore_1_info.json'
[STATUS FILE ERROR] [Errno 2] No such file or directory: '/home/liviodad/Desktop/virtualenv/SmartTrafficLight/Lights/Semaphore_1_info.json'
[STATUS FILE ERROR] [Errno 2] No such file or directory: '/home/liviodad/Desktop/virtualenv/SmartTrafficLight/Lights/Semaphore_1_info.json'
Response: Registered successfully
[STATUS FILE ERROR] [Errno 2] No such file or directory: '/home/liviodad/Desktop/virtualenv/SmartTrafficLight/Lights/Semaphore_1_info.json'
[STATUS FILE ERROR] [Errno 2] No such file or directory: '/home/liviodad/Desktop/virtualenv/SmartTrafficLight/Lights/Semaphore_1_info.json'
[STATUS FILE ERROR] [Errno 2] No such file or directory: '/home/liviodad/Desktop/virtualenv/SmartTrafficLight/Lights/Semaphore_1_info.json'
[STATUS FILE ERROR] [Errno 2] No such file or directory: '/home/liviodad/Desktop/virtualenv/SmartTrafficLight/Lights/Semaphore_1_info.json'
[STATUS FILE ERROR] [Errno 2] No such file or directory: '/home/liviodad/Desktop/virtualenv/SmartTrafficLight/Lights/Semaphore_1_info.json'
[STATUS FILE ERROR] [Errno 2] No such file or directory: '/home/liviodad/Desktop/virtualenv/SmartTrafficLight/Lights/Semaphore_1_info.json'
[STATUS FILE ERROR] [Errno 2] No such file or directory: '/home/liviodad/Desktop/virtualenv/SmartTrafficLight/Lights/Semaphore_1_info.json'
[STATUS FILE ERROR] [Errno 2] No such file or directory: '/home/liviodad/Desktop/virtualenv/SmartTrafficLight/Lights/Semaphore_1_info.json'
[STATUS FILE ERROR] [Errno 2] No such file or directory: '/home/liviodad/Desktop/virtualenv/SmartTrafficLight/Lights/Semaphore_1_info.json'
[STATUS FILE ERROR] [Errno 2] No such file or directory: '/home/liviodad/Desktop/virtualenv/SmartTrafficLight/Lights/Semaphore_1_info.json'
[STATUS FILE ERROR] [Errno 2] No such file or directory: '/home/liviodad/Desktop/virtualenv/SmartTrafficLight/Lights/Semaphore_1_info.json'
[STATUS FILE ERROR] [Errno 2] No such file or directory: '/home/liviodad/Desktop/virtualenv/SmartTrafficLight/Lights/Semaphore_1_info.json'
[STATUS FILE ERROR] [Errno 2] No such file or directory: '/home/liviodad/Desktop/virtualenv/SmartTrafficLight/Lights/Semaphore_1_info.json'
[STATUS FILE ERROR] [Errno 2] No such file or directory: '/home/liviodad/Desktop/virtualenv/SmartTrafficLight/Lights/Semaphore_1_info.json'
[STATUS FILE ERROR] [Errno 2] No such file or directory: '/home/liviodad/Desktop/virtualenv/SmartTrafficLight/Lights/Semaphore_1_info.json'
[STATUS FILE ERROR] [Errno 2] No such file or directory: '/home/liviodad/Desktop/virtualenv/SmartTrafficLight/Lights/Semaphore_1_info.json'
Response: Registered successfully
[STATUS FILE ERROR] [Errno 2] No such file or directory: '/home/liviodad/Desktop/virtualenv/SmartTrafficLight/Lights/Semaphore_1_info.json'
[STATUS FILE ERROR] [Errno 2] No such file or directory: '/home/liviodad/Desktop/virtualenv/SmartTrafficLight/Lights/Semaphore_1_info.json'
[STATUS FILE ERROR] [Errno 2] No such file or directory: '/home/liviodad/Desktop/virtualenv/SmartTrafficLight/Lights/Semaphore_1_info.json'
[STATUS FILE ERROR] [Errno 2] No such file or directory: '/home/liviodad/Desktop/virtualenv/SmartTrafficLight/Lights/Semaphore_1_info.json'
[STATUS FILE ERROR] [Errno 2] No such file or directory: '/home/liviodad/Desktop/virtualenv/SmartTrafficLight/Lights/Semaphore_1_info.json'
[STATUS FILE ERROR] [Errno 2] No such file or directory: '/home/liviodad/Desktop/virtualenv/SmartTrafficLight/Lights/Semaphore_1_info.json'
[STATUS FILE ERROR] [Errno 2] No such file or directory: '/home/liviodad/Desktop/virtualenv/SmartTrafficLight/Lights/Semaphore_1_info.json'
[STATUS FILE ERROR] [Errno 2] No such file or directory: '/home/liviodad/Desktop/virtualenv/SmartTrafficLight/Lights/Semaphore_1_info.json'
[STATUS FILE ERROR] [Errno 2] No such file or directory: '/home/liviodad/Desktop/virtualenv/SmartTrafficLight/Lights/Semaphore_1_info.json'
[STATUS FILE ERROR] [Errno 2] No such file or directory: '/home/liviodad/Desktop/virtualenv/SmartTrafficLight/Lights/Semaphore_1_info.json'
[STATUS FILE ERROR] [Errno 2] No such file or directory: '/home/liviodad/Desktop/virtualenv/SmartTrafficLight/Lights/Semaphore_1_info.json'
[STATUS FILE ERROR] [Errno 2] No such file or directory: '/home/liviodad/Desktop/virtualenv/SmartTrafficLight/Lights/Semaphore_1_info.json'
[STATUS FILE ERROR] [Errno 2] No such file or directory: '/home/liviodad/Desktop/virtualenv/SmartTrafficLight/Lights/Semaphore_1_info.json'
[STATUS FILE ERROR] [Errno 2] No such file or directory: '/home/liviodad/Desktop/virtualenv/SmartTrafficLight/Lights/Semaphore_1_info.json'
[STATUS FILE ERROR] [Errno 2] No such file or directory: '/home/liviodad/Desktop/virtualenv/SmartTrafficLight/Lights/Semaphore_1_info.json'
[STATUS FILE ERROR] [Errno 2] No such file or directory: '/home/liviodad/Desktop/virtualenv/SmartTrafficLight/Lights/Semaphore_1_info.json'
[STATUS FILE ERROR] [Errno 2] No such file or directory: '/home/liviodad/Desktop/virtualenv/SmartTrafficLight/Lights/Semaphore_1_info.json'
Response: Registered successfully
[STATUS FILE ERROR] [Errno 2] No such file or directory: '/home/liviodad/Desktop/virtualenv/SmartTrafficLight/Lights/Semaphore_1_info.json'
[STATUS FILE ERROR] [Errno 2] No such file or directory: '/home/liviodad/Desktop/virtualenv/SmartTrafficLight/Lights/Semaphore_1_info.json'
[STATUS FILE ERROR] [Errno 2] No such file or directory: '/home/liviodad/Desktop/virtualenv/SmartTrafficLight/Lights/Semaphore_1_info.json'
[STATUS FILE ERROR] [Errno 2] No such file or directory: '/home/liviodad/Desktop/virtualenv/SmartTrafficLight/Lights/Semaphore_1_info.json'
